<?xml version="1.0" encoding="UTF-8"?>
<!-- Generated by org.testng.reporters.JUnitReportReporter -->
<testsuite hostname="DESKTOP-MID0A6P" failures="0" tests="2" name="MyRunner.TestRunner" time="13.348" errors="0" timestamp="2023-03-02T20:09:17 IST" skipped="0">
  <testcase classname="MyRunner.TestRunner" name="runScenario" time="0.599"/>
  <system-out/>
  <testcase classname="MyRunner.TestRunner" name="runScenario" time="12.749"/>
  <system-out/>
</testsuite> <!-- MyRunner.TestRunner -->
